2025-09-25 09:37:52|   0.0|  0.0|INFORM|Current FME version: FME 2024.0.1.0 (20240328 - Build 24202 - WIN64)
2025-09-25 09:37:52|   0.0|  0.0|INFORM|System Time: 20250925133753 UTC
2025-09-25 09:37:52|   0.0|  0.0|INFORM|FME_HOME is 'C:\Program Files\ArcGIS\Data Interoperability for ArcGIS Pro\'
2025-09-25 09:37:52|   0.0|  0.0|INFORM|Data Interoperability (node locked-crc)
2025-09-25 09:37:52|   0.0|  0.0|INFORM|Permanent License.
2025-09-25 09:37:52|   0.0|  0.0|INFORM|Machine host name is: ADS02590L
2025-09-25 09:37:52|   0.0|  0.0|INFORM|OS Locale Name     : en_US
2025-09-25 09:37:52|   0.0|  0.0|INFORM|OS Locale Encoding : windows-1252
2025-09-25 09:37:52|   0.0|  0.0|INFORM|Process Encoding   : UTF-8
2025-09-25 09:37:52|   0.0|  0.0|INFORM|FME API version: '4.0 20240212'
2025-09-25 09:37:52|   0.0|  0.0|INFORM|FME Configuration: FME_BASE is 'yes'
2025-09-25 09:37:52|   0.0|  0.0|INFORM|FME Configuration: FME_MF_DIR is 'C:\Users\tim.terway\Documents\GitHub\applications\cama-explorer-demo/'
2025-09-25 09:37:52|   0.0|  0.0|INFORM|FME Configuration: FME_MF_NAME is 'CAMA_sample_data_json_values_parsing.fmw'
2025-09-25 09:37:52|   0.0|  0.0|INFORM|FME Configuration: FME_PRODUCT_NAME is 'FME(R) 2024.0.1.0'
2025-09-25 09:37:52|   0.0|  0.0|INFORM|Operating System: Microsoft Windows 11 64-bit  (Build 22631)
2025-09-25 09:37:52|   0.0|  0.0|INFORM|FME Platform: WIN64
2025-09-25 09:37:52|   0.0|  0.0|INFORM|System Status: 743.68 GB of disk space available in the FME temporary folder (C:\Users\TIM~1.TER\AppData\Local\Temp\wbrun_1758729610368_35732\fmetmp_2)
2025-09-25 09:37:52|   0.0|  0.0|INFORM|System Status: 31.56 GB of physical memory available
2025-09-25 09:37:52|   0.0|  0.0|INFORM|System Status: 126.25 GB of virtual memory available
2025-09-25 09:37:52|   0.0|  0.0|INFORM|START - ProcessID: 31756, peak process memory usage: 86244 kB, current process memory usage: 86244 kB
2025-09-25 09:37:52|   0.0|  0.0|INFORM|FME Configuration: Command line arguments are `C:\Program Files\ArcGIS\Data Interoperability for ArcGIS Pro\fme.exe' `C:\Users\tim.terway\Documents\GitHub\applications\cama-explorer-demo\wb-xlate-1758807462260_35732' `LOG_STANDARDOUT' `YES' `LOG_TIMINGS' `YES' `LogCountServerName' `58102' `LOG_STANDARDOUT' `No' `WORKBENCH_LOG_SERVER' `57826'
2025-09-25 09:37:52|   0.0|  0.0|INFORM|FME Configuration: Connection Storage: 'C:\Users\tim.terway\AppData\Roaming\Safe Software\FME\'
2025-09-25 09:37:54|   0.0|  0.0|INFORM|Shared folders for formats are : C:\Program Files\ArcGIS\Data Interoperability for ArcGIS Pro\datasources;C:\Users\tim.terway\OneDrive - State of Vermont\Documents\FME\Formats
2025-09-25 09:37:54|   0.0|  0.0|INFORM|Shared folders for transformers are : C:\Users\tim.terway\AppData\Roaming\Safe Software\FME\Packages\24202-win64\transformers;C:\Program Files\ArcGIS\Data Interoperability for ArcGIS Pro\transformers
2025-09-25 09:37:54|   0.0|  0.0|INFORM|Shared folders for coordinate systems are : C:\Users\tim.terway\OneDrive - State of Vermont\Documents\FME\CoordinateSystems
2025-09-25 09:37:54|   0.0|  0.0|INFORM|Shared folders for coordinate system exceptions are : C:\Users\tim.terway\OneDrive - State of Vermont\Documents\FME\CoordinateSystemExceptions
2025-09-25 09:37:54|   0.0|  0.0|INFORM|Shared folders for coordinate system grid overrides are : C:\Users\tim.terway\OneDrive - State of Vermont\Documents\FME\CoordinateSystemGridOverrides
2025-09-25 09:37:54|   0.0|  0.0|INFORM|Shared folders for CS-MAP transformation exceptions are : C:\Users\tim.terway\OneDrive - State of Vermont\Documents\FME\CsmapTransformationExceptions
2025-09-25 09:37:54|   0.0|  0.0|INFORM|Shared folders for transformer categories are : C:\Users\tim.terway\OneDrive - State of Vermont\Documents\FME\TransformerCategories
2025-09-25 09:37:54|   0.0|  0.0|INFORM|FME Configuration: Reader Keyword is `MULTI_READER'
2025-09-25 09:37:54|   0.0|  0.0|INFORM|FME Configuration: Writer Keyword is `MULTI_DEST'
2025-09-25 09:37:54|   0.0|  0.0|INFORM|FME Configuration: Writer Group Definition Keyword is `MULTI_DEST_DEF'
2025-09-25 09:37:54|   0.0|  0.0|INFORM|FME Configuration: Reader type is `MULTI_READER'
2025-09-25 09:37:54|   0.0|  0.0|INFORM|FME Configuration: Writer type is `MULTI_WRITER'
2025-09-25 09:37:54|   0.0|  0.0|INFORM|FME Configuration: No destination coordinate system set
2025-09-25 09:37:54|   0.0|  0.0|INFORM|FME Configuration: Current working folder is `C:\Users\tim.terway\Documents\GitHub\applications\cama-explorer-demo'
2025-09-25 09:37:54|   0.0|  0.0|INFORM|FME Configuration: Temporary folder is `C:\Users\TIM~1.TER\AppData\Local\Temp\wbrun_1758729610368_35732\fmetmp_2', set from environment variable `FME_TEMP'
2025-09-25 09:37:54|   0.0|  0.0|INFORM|FME Configuration: Cache folder is 'C:\Users\TIM~1.TER\AppData\Local\Temp'
2025-09-25 09:37:54|   0.0|  0.0|INFORM|FME Configuration: FME_HOME is `C:\Program Files\ArcGIS\Data Interoperability for ArcGIS Pro\'
2025-09-25 09:37:54|   0.0|  0.0|INFORM|FME Configuration: Start freeing memory when the process exceeds 94.69 GB
2025-09-25 09:37:54|   0.0|  0.0|INFORM|FME Configuration: Stop freeing memory when the process is below 71.02 GB
2025-09-25 09:37:56|   0.0|  0.0|INFORM|Creating writer for format: 
2025-09-25 09:37:56|   0.0|  0.0|INFORM|Creating reader for format: 
2025-09-25 09:37:56|   0.0|  0.0|INFORM|MULTI_READER(MULTI_READER): Will fail with first member reader failure
2025-09-25 09:37:56|   0.0|  0.0|INFORM|Using Multi Reader with keyword `MULTI_READER' to read multiple datasets
2025-09-25 09:37:56|   0.0|  0.0|INFORM|Using MultiWriter with keyword `MULTI_DEST' to output data (ID_ATTRIBUTE is `multi_writer_id')
2025-09-25 09:37:56|   0.0|  0.0|INFORM|Loaded module 'LogCount_func' from file 'C:\Program Files\ArcGIS\Data Interoperability for ArcGIS Pro\plugins/LogCount_func.dll'
2025-09-25 09:37:56|   0.0|  0.0|INFORM|FME API version of module 'LogCount_func' matches current internal version (4.0 20240212)
2025-09-25 09:37:56|   0.0|  0.0|INFORM|Loaded module 'AttributeFilterFactory' from file 'C:\Program Files\ArcGIS\Data Interoperability for ArcGIS Pro\plugins/AttributeFilterFactory.dll'
2025-09-25 09:37:56|   0.0|  0.0|INFORM|FME API version of module 'AttributeFilterFactory' matches current internal version (4.0 20240212)
2025-09-25 09:37:56|   0.0|  0.0|INFORM|Emptying factory pipeline
2025-09-25 09:37:56|   0.0|  0.0|STATS |Router and Unexpected Input Remover (RoutingFactory): Tested 0 input feature(s), wrote 0 output feature(s): 0 matched merge filters, 0 were routed to output, 0 could not be routed.
2025-09-25 09:37:56|   0.0|  0.0|STATS |Unwanted Router Input Nuker (TeeFactory): Cloned 0 input feature(s) into 0 output feature(s)
2025-09-25 09:37:56|   0.0|  0.0|STATS |JSONFeature_JSON_1 Splitter (TeeFactory): Cloned 0 input feature(s) into 0 output feature(s)
2025-09-25 09:37:56|   0.0|  0.0|STATS |JSONFeature_JSON_2 Splitter (TeeFactory): Cloned 0 input feature(s) into 0 output feature(s)
2025-09-25 09:37:56|   0.0|  0.0|STATS |JSONFeature_JSON_4 Splitter (TeeFactory): Cloned 0 input feature(s) into 0 output feature(s)
2025-09-25 09:37:56|   0.0|  0.0|STATS |JSONFeature_JSON_3 Splitter (TeeFactory): Cloned 0 input feature(s) into 0 output feature(s)
2025-09-25 09:37:56|   0.0|  0.0|STATS |Restoring 11949 feature(s) from FME feature store file `C:\Users\TIM~1.TER\AppData\Local\Temp\wb-cache-CAMA_sample_data_json_values_par-CFXhNF\Main_JSONFeature -1 19 -1  0  3c8fef2ee765767749ff87290d79022813abc52a.ffs'
2025-09-25 09:37:58|   0.1|  0.1|STATS |AttributeFilter_5 (TeeFactory): Cloned 11949 input feature(s) into 11949 output feature(s)
2025-09-25 09:37:58|   0.1|  0.0|STATS |Destination Feature Type Routing Correlator (RoutingFactory): Tested 11949 input feature(s), wrote 11949 output feature(s): 0 matched merge filters, 0 were routed to output, 11949 could not be routed.
2025-09-25 09:37:58|   0.1|  0.0|STATS |Final Output Nuker (TeeFactory): Cloned 11949 input feature(s) into 0 output feature(s)
2025-09-25 09:37:58|   0.1|  0.0|WARN  |=-=-=-=-=-=-=-=-=-=-=-=-=-=-=-=-=-=-=-=-=-=-=-=-=-=-=-=-=-=-=-=-=-=-=-=-=-=-=-
2025-09-25 09:37:58|   0.1|  0.0|WARN  |      Features not written - verify feature type fanout/dynamic settings
2025-09-25 09:37:58|   0.1|  0.0|WARN  |=-=-=-=-=-=-=-=-=-=-=-=-=-=-=-=-=-=-=-=-=-=-=-=-=-=-=-=-=-=-=-=-=-=-=-=-=-=-=-
2025-09-25 09:37:58|   0.1|  0.0|WARN  |  (Check that fanout/dynamic feature type attribute exists and has a value)
2025-09-25 09:37:58|   0.1|  0.0|WARN  |=-=-=-=-=-=-=-=-=-=-=-=-=-=-=-=-=-=-=-=-=-=-=-=-=-=-=-=-=-=-=-=-=-=-=-=-=-=-=-
2025-09-25 09:37:58|   0.1|  0.0|WARN  |                                                                         11949
2025-09-25 09:37:58|   0.1|  0.0|WARN  |==============================================================================
2025-09-25 09:37:58|   0.1|  0.0|WARN  |Total features not written                                               11949
2025-09-25 09:37:58|   0.1|  0.0|WARN  |=-=-=-=-=-=-=-=-=-=-=-=-=-=-=-=-=-=-=-=-=-=-=-=-=-=-=-=-=-=-=-=-=-=-=-=-=-=-=-
2025-09-25 09:37:58|   0.1|  0.0|STATS |=-=-=-=-=-=-=-=-=-=-=-=-=-=-=-=-=-=-=-=-=-=-=-=-=-=-=-=-=-=-=-=-=-=-=-=-=-=-=-
2025-09-25 09:37:58|   0.1|  0.0|STATS |                            Features Read Summary
2025-09-25 09:37:58|   0.1|  0.0|STATS |=-=-=-=-=-=-=-=-=-=-=-=-=-=-=-=-=-=-=-=-=-=-=-=-=-=-=-=-=-=-=-=-=-=-=-=-=-=-=-
2025-09-25 09:37:58|   0.1|  0.0|STATS |==============================================================================
2025-09-25 09:37:58|   0.1|  0.0|STATS |Total Features Read                                                          0
2025-09-25 09:37:58|   0.1|  0.0|STATS |=-=-=-=-=-=-=-=-=-=-=-=-=-=-=-=-=-=-=-=-=-=-=-=-=-=-=-=-=-=-=-=-=-=-=-=-=-=-=-
2025-09-25 09:37:58|   0.1|  0.0|STATS |=-=-=-=-=-=-=-=-=-=-=-=-=-=-=-=-=-=-=-=-=-=-=-=-=-=-=-=-=-=-=-=-=-=-=-=-=-=-=-
2025-09-25 09:37:58|   0.1|  0.0|STATS |                           Features Written Summary
2025-09-25 09:37:58|   0.1|  0.0|STATS |=-=-=-=-=-=-=-=-=-=-=-=-=-=-=-=-=-=-=-=-=-=-=-=-=-=-=-=-=-=-=-=-=-=-=-=-=-=-=-
2025-09-25 09:37:58|   0.1|  0.0|STATS |==============================================================================
2025-09-25 09:37:58|   0.1|  0.0|STATS |Total Features Written                                                       0
2025-09-25 09:37:58|   0.1|  0.0|STATS |=-=-=-=-=-=-=-=-=-=-=-=-=-=-=-=-=-=-=-=-=-=-=-=-=-=-=-=-=-=-=-=-=-=-=-=-=-=-=-
2025-09-25 09:37:58|   0.1|  0.0|WARN  |-~-~-~-~-~-~-~-~-~-~-~-~-~-~-~-~-~-~-~-~-~-~-~-~-~-~-~-~-~-~-~-~-~-~-~-~-~-~-~-~-
2025-09-25 09:37:58|   0.1|  0.0|WARN  |-~                                                                             ~-
2025-09-25 09:37:58|   0.1|  0.0|WARN  |-~    Feature caches have been recorded at every stage of the translation.     ~-
2025-09-25 09:37:58|   0.1|  0.0|WARN  |-~                      To inspect the recorded features,                      ~-
2025-09-25 09:37:58|   0.1|  0.0|WARN  |-~              click the feature cache icons next to the ports.               ~-
2025-09-25 09:37:58|   0.1|  0.0|WARN  |-~                                                                             ~-
2025-09-25 09:37:58|   0.1|  0.0|WARN  |-~-~-~-~-~-~-~-~-~-~-~-~-~-~-~-~-~-~-~-~-~-~-~-~-~-~-~-~-~-~-~-~-~-~-~-~-~-~-~-~-
2025-09-25 09:37:58|   0.1|  0.0|INFORM|Translation was SUCCESSFUL with 16 warning(s) (0 feature(s) output)
2025-09-25 09:37:58|   0.1|  0.0|INFORM|FME Session Duration: 5.8 seconds. (CPU: 0.1s user, 0.0s system)
2025-09-25 09:37:58|   0.1|  0.0|INFORM|END - ProcessID: 31756, peak process memory usage: 114072 kB, current process memory usage: 94288 kB
